Build started 10/30/2015 08:33:11.
     1>Project "C:\Users\John\Documents\Visual Studio 2013\Projects\Exercise_7 Version 2\ex7\ex7.vcxproj" on node 2 (Build target(s)).
     1>ClCompile:
         C:\Program Files (x86)\Microsoft Visual Studio 12.0\VC\bin\CL.exe /c /ZI /nologo /W3 /WX- /sdl /Od /Oy- /D WIN32 /D _DEBUG /D _CONSOLE /D _LIB /D _UNICODE /D UNICODE /Gm /EHsc /RTC1 /MDd /GS /fp:precise /Zc:wchar_t /Zc:forScope /Fo"Debug\\" /Fd"Debug\vc120.pdb" /Gd /TP /analyze- /errorReport:prompt nod.cpp om.cpp Source.cpp
         Source.cpp
         om.cpp
     1>c:\users\john\documents\visual studio 2013\projects\exercise_7 version 2\ex7\om.cpp(8): warning C4244: '=' : conversion from 'double' to 'float', possible loss of data
     1>c:\users\john\documents\visual studio 2013\projects\exercise_7 version 2\ex7\om.cpp(9): warning C4244: '=' : conversion from 'double' to 'float', possible loss of data
     1>c:\users\john\documents\visual studio 2013\projects\exercise_7 version 2\ex7\om.cpp(26): warning C4244: '=' : conversion from 'double' to 'float', possible loss of data
     1>c:\users\john\documents\visual studio 2013\projects\exercise_7 version 2\ex7\om.cpp(34): warning C4244: '=' : conversion from 'double' to 'float', possible loss of data
         nod.cpp
         Generating Code...
       Link:
         C:\Program Files (x86)\Microsoft Visual Studio 12.0\VC\bin\link.exe /ERRORREPORT:PROMPT /OUT:"C:\Users\John\Documents\Visual Studio 2013\Projects\Exercise_7 Version 2\Debug\ex7.exe" /INCREMENTAL /NOLOGO kernel32.lib user32.lib gdi32.lib winspool.lib comdlg32.lib advapi32.lib shell32.lib ole32.lib oleaut32.lib uuid.lib odbc32.lib odbccp32.lib /MANIFEST /MANIFESTUAC:"level='asInvoker' uiAccess='false'" /manifest:embed /DEBUG /PDB:"C:\Users\John\Documents\Visual Studio 2013\Projects\Exercise_7 Version 2\Debug\ex7.pdb" /SUBSYSTEM:CONSOLE /TLBID:1 /DYNAMICBASE /NXCOMPAT /IMPLIB:"C:\Users\John\Documents\Visual Studio 2013\Projects\Exercise_7 Version 2\Debug\ex7.lib" /MACHINE:X86 Debug\nod.obj
         Debug\om.obj
         Debug\Source.obj
         ex7.vcxproj -> C:\Users\John\Documents\Visual Studio 2013\Projects\Exercise_7 Version 2\Debug\ex7.exe
     1>Done Building Project "C:\Users\John\Documents\Visual Studio 2013\Projects\Exercise_7 Version 2\ex7\ex7.vcxproj" (Build target(s)).

Build succeeded.

Time Elapsed 00:00:01.77
